<?xml version="1.0" encoding="UTF-8"?>
<testng-results ignored="0" total="1" passed="1" failed="0" skipped="0">
  <reporter-output>
  </reporter-output>
  <suite started-at="2020-12-07T18:02:29 EST" name="webAutomationCTS_V1" finished-at="2020-12-07T18:02:58 EST" duration-ms="29262">
    <groups>
    </groups>
    <test started-at="2020-12-07T18:02:29 EST" name="CTS Test" finished-at="2020-12-07T18:02:58 EST" duration-ms="29262">
      <class name="com.cts.testCases.TC_LoginTest_001">
        <test-method is-config="true" signature="setup(java.lang.String)[pri:0, instance:com.cts.testCases.TC_LoginTest_001@59d016c9]" started-at="2020-12-07T18:02:29 EST" name="setup" finished-at="2020-12-07T18:02:39 EST" duration-ms="9630" status="PASS">
          <params>
            <param index="0">
              <value>
                <![CDATA[chrome]]>
              </value>
            </param>
          </params>
          <reporter-output>
          </reporter-output>
        </test-method> <!-- setup -->
        <test-method signature="loginTest()[pri:0, instance:com.cts.testCases.TC_LoginTest_001@59d016c9]" started-at="2020-12-07T18:02:39 EST" name="loginTest" finished-at="2020-12-07T18:02:57 EST" duration-ms="18350" status="PASS">
          <reporter-output>
          </reporter-output>
        </test-method> <!-- loginTest -->
        <test-method is-config="true" signature="tearDown()[pri:0, instance:com.cts.testCases.TC_LoginTest_001@59d016c9]" started-at="2020-12-07T18:02:57 EST" name="tearDown" finished-at="2020-12-07T18:02:58 EST" duration-ms="960" status="PASS">
          <reporter-output>
          </reporter-output>
        </test-method> <!-- tearDown -->
      </class> <!-- com.cts.testCases.TC_LoginTest_001 -->
    </test> <!-- CTS Test -->
  </suite> <!-- webAutomationCTS_V1 -->
</testng-results>
